Oct 19 14:52:42 kali systemd[1]: Starting lightdm.service - Light Display Manager...
Oct 19 14:52:42 kali lightdm[1078]: Could not enumerate user data directory /var/lib/lightdm/data: Error opening directory '/var/lib/lightdm/data': No such file or directory
Oct 19 14:52:42 kali systemd[1]: Started lightdm.service - Light Display Manager.
Oct 19 14:52:42 kali lightdm[1107]: pam_unix(lightdm-greeter:session): session opened for user lightdm(uid=124) by (uid=0)
Oct 19 14:52:42 kali lightdm[1107]: pam_unix(lightdm-greeter:session): session opened for user lightdm(uid=124) by (uid=0)
Oct 19 14:52:50 kali lightdm[1216]: gkr-pam: unable to locate daemon control file
Oct 19 14:52:50 kali lightdm[1216]: gkr-pam: stashed password to try later in open session
Oct 19 14:52:50 kali lightdm[1216]: pam_unix(lightdm:session): session opened for user lanazaben(uid=1000) by lanazaben(uid=0)
Oct 19 14:52:50 kali lightdm[1216]: gkr-pam: unlocked login keyring
Oct 19 14:52:50 kali lightdm[1216]: Failed to write utmpx: No such file or directory
Oct 19 15:12:01 kali systemd[1]: Stopping lightdm.service - Light Display Manager...
Oct 19 15:12:01 kali systemd[1]: lightdm.service: Deactivated successfully.
Oct 19 15:12:01 kali systemd[1]: Stopped lightdm.service - Light Display Manager.
Oct 19 15:12:01 kali systemd[1]: lightdm.service: Consumed 31.970s CPU time, 161.4M memory peak.
-- Boot 5db5160a5db545aead197b492f537074 --
Oct 20 11:51:34 kali systemd[1]: Starting lightdm.service - Light Display Manager...
Oct 20 11:51:34 kali systemd[1]: Started lightdm.service - Light Display Manager.
Oct 20 11:51:35 kali lightdm[1204]: pam_unix(lightdm-greeter:session): session opened for user lightdm(uid=124) by (uid=0)
Oct 20 11:51:35 kali lightdm[1204]: pam_unix(lightdm-greeter:session): session opened for user lightdm(uid=124) by (uid=0)
Oct 20 11:51:43 kali lightdm[1308]: gkr-pam: unable to locate daemon control file
Oct 20 11:51:43 kali lightdm[1308]: gkr-pam: stashed password to try later in open session
Oct 20 11:51:43 kali lightdm[1308]: pam_unix(lightdm:session): session opened for user lanazaben(uid=1000) by lanazaben(uid=0)
Oct 20 11:51:44 kali lightdm[1308]: gkr-pam: unlocked login keyring
Oct 20 11:51:44 kali lightdm[1308]: Failed to write utmpx: No such file or directory
