Oct 19 14:52:40 kali mtp-probe[576]: checking bus 2, device 6: "/sys/devices/pci0000:00/0000:00:16.0/0000:0a:00.0/usb2/2-3/2-3.1"
Oct 19 14:52:40 kali mtp-probe[576]: bus: 2, device: 6 was not an MTP device
Oct 19 14:52:40 kali mtp-probe[611]: checking bus 2, device 3: "/sys/devices/pci0000:00/0000:00:16.0/0000:0a:00.0/usb2/2-2"
Oct 19 14:52:40 kali mtp-probe[611]: bus: 2, device: 3 was not an MTP device
Oct 19 14:52:40 kali mtp-probe[615]: checking bus 2, device 6: "/sys/devices/pci0000:00/0000:00:16.0/0000:0a:00.0/usb2/2-3/2-3.1"
Oct 19 14:52:40 kali mtp-probe[615]: bus: 2, device: 6 was not an MTP device
Oct 19 14:52:40 kali mtp-probe[630]: checking bus 2, device 2: "/sys/devices/pci0000:00/0000:00:16.0/0000:0a:00.0/usb2/2-1"
Oct 19 14:52:40 kali mtp-probe[630]: bus: 2, device: 2 was not an MTP device
Oct 20 11:51:33 kali mtp-probe[622]: checking bus 2, device 3: "/sys/devices/pci0000:00/0000:00:16.0/0000:0a:00.0/usb2/2-2"
Oct 20 11:51:33 kali mtp-probe[621]: checking bus 2, device 2: "/sys/devices/pci0000:00/0000:00:16.0/0000:0a:00.0/usb2/2-1"
Oct 20 11:51:33 kali mtp-probe[622]: bus: 2, device: 3 was not an MTP device
Oct 20 11:51:33 kali mtp-probe[621]: bus: 2, device: 2 was not an MTP device
Oct 20 11:51:33 kali mtp-probe[628]: checking bus 2, device 6: "/sys/devices/pci0000:00/0000:00:16.0/0000:0a:00.0/usb2/2-3/2-3.1"
Oct 20 11:51:33 kali mtp-probe[628]: bus: 2, device: 6 was not an MTP device
Oct 20 11:51:33 kali mtp-probe[635]: checking bus 2, device 6: "/sys/devices/pci0000:00/0000:00:16.0/0000:0a:00.0/usb2/2-3/2-3.1"
Oct 20 11:51:33 kali mtp-probe[635]: bus: 2, device: 6 was not an MTP device
Oct 26 20:01:22 kali mtp-probe[135325]: checking bus 2, device 7: "/sys/devices/pci0000:00/0000:00:16.0/0000:0a:00.0/usb2/2-3/2-3.2"
Oct 26 20:01:22 kali mtp-probe[135325]: bus: 2, device: 7 was not an MTP device
Oct 26 20:01:22 kali mtp-probe[135341]: checking bus 2, device 7: "/sys/devices/pci0000:00/0000:00:16.0/0000:0a:00.0/usb2/2-3/2-3.2"
Oct 26 20:01:22 kali mtp-probe[135341]: bus: 2, device: 7 was not an MTP device
Oct 27 09:49:20 kali mtp-probe[199552]: checking bus 2, device 8: "/sys/devices/pci0000:00/0000:00:16.0/0000:0a:00.0/usb2/2-3/2-3.1"
Oct 27 09:49:20 kali mtp-probe[199552]: bus: 2, device: 8 was not an MTP device
Oct 27 09:49:20 kali mtp-probe[199569]: checking bus 2, device 8: "/sys/devices/pci0000:00/0000:00:16.0/0000:0a:00.0/usb2/2-3/2-3.1"
Oct 27 09:49:20 kali mtp-probe[199569]: bus: 2, device: 8 was not an MTP device
Oct 31 21:32:41 kali mtp-probe[356899]: checking bus 2, device 9: "/sys/devices/pci0000:00/0000:00:16.0/0000:0a:00.0/usb2/2-3/2-3.2"
Oct 31 21:32:41 kali mtp-probe[356899]: bus: 2, device: 9 was not an MTP device
Oct 31 21:32:41 kali mtp-probe[356915]: checking bus 2, device 9: "/sys/devices/pci0000:00/0000:00:16.0/0000:0a:00.0/usb2/2-3/2-3.2"
Oct 31 21:32:41 kali mtp-probe[356915]: bus: 2, device: 9 was not an MTP device
Nov 01 18:25:07 kali mtp-probe[368429]: checking bus 2, device 10: "/sys/devices/pci0000:00/0000:00:16.0/0000:0a:00.0/usb2/2-3/2-3.1"
Nov 01 18:25:07 kali mtp-probe[368429]: bus: 2, device: 10 was not an MTP device
Nov 01 18:25:07 kali mtp-probe[368446]: checking bus 2, device 10: "/sys/devices/pci0000:00/0000:00:16.0/0000:0a:00.0/usb2/2-3/2-3.1"
Nov 01 18:25:07 kali mtp-probe[368446]: bus: 2, device: 10 was not an MTP device
Nov 02 08:56:16 kali mtp-probe[377837]: checking bus 2, device 11: "/sys/devices/pci0000:00/0000:00:16.0/0000:0a:00.0/usb2/2-3/2-3.2"
Nov 02 08:56:16 kali mtp-probe[377837]: bus: 2, device: 11 was not an MTP device
Nov 02 08:56:16 kali mtp-probe[377853]: checking bus 2, device 11: "/sys/devices/pci0000:00/0000:00:16.0/0000:0a:00.0/usb2/2-3/2-3.2"
Nov 02 08:56:16 kali mtp-probe[377853]: bus: 2, device: 11 was not an MTP device
Nov 02 15:52:17 kali mtp-probe[442674]: checking bus 2, device 12: "/sys/devices/pci0000:00/0000:00:16.0/0000:0a:00.0/usb2/2-3/2-3.1"
Nov 02 15:52:17 kali mtp-probe[442674]: bus: 2, device: 12 was not an MTP device
Nov 02 15:52:17 kali mtp-probe[442692]: checking bus 2, device 12: "/sys/devices/pci0000:00/0000:00:16.0/0000:0a:00.0/usb2/2-3/2-3.1"
Nov 02 15:52:17 kali mtp-probe[442692]: bus: 2, device: 12 was not an MTP device
Nov 08 13:25:34 kali mtp-probe[444166]: checking bus 2, device 13: "/sys/devices/pci0000:00/0000:00:16.0/0000:0a:00.0/usb2/2-3/2-3.2"
Nov 08 13:25:34 kali mtp-probe[444166]: bus: 2, device: 13 was not an MTP device
Nov 08 13:25:34 kali mtp-probe[444182]: checking bus 2, device 13: "/sys/devices/pci0000:00/0000:00:16.0/0000:0a:00.0/usb2/2-3/2-3.2"
Nov 08 13:25:34 kali mtp-probe[444182]: bus: 2, device: 13 was not an MTP device
Nov 09 09:11:04 kali mtp-probe[456898]: checking bus 2, device 14: "/sys/devices/pci0000:00/0000:00:16.0/0000:0a:00.0/usb2/2-3/2-3.1"
Nov 09 09:11:04 kali mtp-probe[456898]: bus: 2, device: 14 was not an MTP device
Nov 09 09:11:04 kali mtp-probe[456915]: checking bus 2, device 14: "/sys/devices/pci0000:00/0000:00:16.0/0000:0a:00.0/usb2/2-3/2-3.1"
Nov 09 09:11:04 kali mtp-probe[456915]: bus: 2, device: 14 was not an MTP device
Nov 09 12:35:33 kali mtp-probe[527547]: checking bus 2, device 15: "/sys/devices/pci0000:00/0000:00:16.0/0000:0a:00.0/usb2/2-3/2-3.2"
Nov 09 12:35:33 kali mtp-probe[527547]: bus: 2, device: 15 was not an MTP device
Nov 09 12:35:33 kali mtp-probe[527566]: checking bus 2, device 15: "/sys/devices/pci0000:00/0000:00:16.0/0000:0a:00.0/usb2/2-3/2-3.2"
Nov 09 12:35:33 kali mtp-probe[527566]: bus: 2, device: 15 was not an MTP device
Nov 10 09:04:26 kali mtp-probe[588958]: checking bus 2, device 16: "/sys/devices/pci0000:00/0000:00:16.0/0000:0a:00.0/usb2/2-3/2-3.1"
Nov 10 09:04:26 kali mtp-probe[588958]: bus: 2, device: 16 was not an MTP device
Nov 10 09:04:26 kali mtp-probe[588983]: checking bus 2, device 16: "/sys/devices/pci0000:00/0000:00:16.0/0000:0a:00.0/usb2/2-3/2-3.1"
Nov 10 09:04:26 kali mtp-probe[588983]: bus: 2, device: 16 was not an MTP device
Nov 10 09:49:34 kali mtp-probe[596845]: checking bus 2, device 17: "/sys/devices/pci0000:00/0000:00:16.0/0000:0a:00.0/usb2/2-3/2-3.2"
Nov 10 09:49:34 kali mtp-probe[596845]: bus: 2, device: 17 was not an MTP device
Nov 10 09:49:34 kali mtp-probe[596861]: checking bus 2, device 17: "/sys/devices/pci0000:00/0000:00:16.0/0000:0a:00.0/usb2/2-3/2-3.2"
Nov 10 09:49:34 kali mtp-probe[596861]: bus: 2, device: 17 was not an MTP device
Nov 12 10:25:21 kali mtp-probe[651846]: checking bus 2, device 18: "/sys/devices/pci0000:00/0000:00:16.0/0000:0a:00.0/usb2/2-3/2-3.1"
Nov 12 10:25:21 kali mtp-probe[651846]: bus: 2, device: 18 was not an MTP device
Nov 12 10:25:21 kali mtp-probe[651863]: checking bus 2, device 18: "/sys/devices/pci0000:00/0000:00:16.0/0000:0a:00.0/usb2/2-3/2-3.1"
Nov 12 10:25:21 kali mtp-probe[651863]: bus: 2, device: 18 was not an MTP device
Nov 14 23:32:15 kali mtp-probe[672360]: checking bus 2, device 19: "/sys/devices/pci0000:00/0000:00:16.0/0000:0a:00.0/usb2/2-3/2-3.2"
Nov 14 23:32:15 kali mtp-probe[672360]: bus: 2, device: 19 was not an MTP device
Nov 14 23:32:15 kali mtp-probe[672376]: checking bus 2, device 19: "/sys/devices/pci0000:00/0000:00:16.0/0000:0a:00.0/usb2/2-3/2-3.2"
Nov 14 23:32:15 kali mtp-probe[672376]: bus: 2, device: 19 was not an MTP device
Nov 16 09:25:34 kali mtp-probe[684434]: checking bus 2, device 20: "/sys/devices/pci0000:00/0000:00:16.0/0000:0a:00.0/usb2/2-3/2-3.1"
Nov 16 09:25:34 kali mtp-probe[684434]: bus: 2, device: 20 was not an MTP device
Nov 16 09:25:34 kali mtp-probe[684451]: checking bus 2, device 20: "/sys/devices/pci0000:00/0000:00:16.0/0000:0a:00.0/usb2/2-3/2-3.1"
Nov 16 09:25:34 kali mtp-probe[684451]: bus: 2, device: 20 was not an MTP device
Nov 17 09:35:24 kali mtp-probe[825444]: checking bus 2, device 21: "/sys/devices/pci0000:00/0000:00:16.0/0000:0a:00.0/usb2/2-3/2-3.2"
Nov 17 09:35:24 kali mtp-probe[825444]: bus: 2, device: 21 was not an MTP device
Nov 17 09:35:24 kali mtp-probe[825460]: checking bus 2, device 21: "/sys/devices/pci0000:00/0000:00:16.0/0000:0a:00.0/usb2/2-3/2-3.2"
Nov 17 09:35:24 kali mtp-probe[825460]: bus: 2, device: 21 was not an MTP device
Nov 19 09:46:19 kali mtp-probe[977264]: checking bus 2, device 22: "/sys/devices/pci0000:00/0000:00:16.0/0000:0a:00.0/usb2/2-3/2-3.1"
Nov 19 09:46:19 kali mtp-probe[977264]: bus: 2, device: 22 was not an MTP device
Nov 19 09:46:19 kali mtp-probe[977281]: checking bus 2, device 22: "/sys/devices/pci0000:00/0000:00:16.0/0000:0a:00.0/usb2/2-3/2-3.1"
Nov 19 09:46:19 kali mtp-probe[977281]: bus: 2, device: 22 was not an MTP device
Nov 22 11:07:03 kali mtp-probe[1193543]: checking bus 2, device 23: "/sys/devices/pci0000:00/0000:00:16.0/0000:0a:00.0/usb2/2-3/2-3.2"
Nov 22 11:07:03 kali mtp-probe[1193543]: bus: 2, device: 23 was not an MTP device
Nov 22 11:07:03 kali mtp-probe[1193559]: checking bus 2, device 23: "/sys/devices/pci0000:00/0000:00:16.0/0000:0a:00.0/usb2/2-3/2-3.2"
Nov 22 11:07:03 kali mtp-probe[1193559]: bus: 2, device: 23 was not an MTP device
Nov 22 20:53:42 kali mtp-probe[1194550]: checking bus 2, device 24: "/sys/devices/pci0000:00/0000:00:16.0/0000:0a:00.0/usb2/2-3/2-3.1"
Nov 22 20:53:42 kali mtp-probe[1194550]: bus: 2, device: 24 was not an MTP device
Nov 22 20:53:42 kali mtp-probe[1194567]: checking bus 2, device 24: "/sys/devices/pci0000:00/0000:00:16.0/0000:0a:00.0/usb2/2-3/2-3.1"
Nov 22 20:53:42 kali mtp-probe[1194567]: bus: 2, device: 24 was not an MTP device
Nov 23 09:41:36 kali mtp-probe[1696464]: checking bus 2, device 25: "/sys/devices/pci0000:00/0000:00:16.0/0000:0a:00.0/usb2/2-3/2-3.2"
Nov 23 09:41:36 kali mtp-probe[1696464]: bus: 2, device: 25 was not an MTP device
Nov 23 09:41:36 kali mtp-probe[1696480]: checking bus 2, device 25: "/sys/devices/pci0000:00/0000:00:16.0/0000:0a:00.0/usb2/2-3/2-3.2"
Nov 23 09:41:36 kali mtp-probe[1696480]: bus: 2, device: 25 was not an MTP device
Nov 29 16:59:26 kali mtp-probe[1856097]: checking bus 2, device 26: "/sys/devices/pci0000:00/0000:00:16.0/0000:0a:00.0/usb2/2-3/2-3.1"
Nov 29 16:59:26 kali mtp-probe[1856097]: bus: 2, device: 26 was not an MTP device
Nov 29 16:59:26 kali mtp-probe[1856114]: checking bus 2, device 26: "/sys/devices/pci0000:00/0000:00:16.0/0000:0a:00.0/usb2/2-3/2-3.1"
Nov 29 16:59:26 kali mtp-probe[1856114]: bus: 2, device: 26 was not an MTP device
Dec 01 09:20:09 kali mtp-probe[2007329]: checking bus 2, device 27: "/sys/devices/pci0000:00/0000:00:16.0/0000:0a:00.0/usb2/2-3/2-3.2"
Dec 01 09:20:09 kali mtp-probe[2007329]: bus: 2, device: 27 was not an MTP device
Dec 01 09:20:09 kali mtp-probe[2007345]: checking bus 2, device 27: "/sys/devices/pci0000:00/0000:00:16.0/0000:0a:00.0/usb2/2-3/2-3.2"
Dec 01 09:20:09 kali mtp-probe[2007345]: bus: 2, device: 27 was not an MTP device
Dec 03 10:10:51 kali mtp-probe[1437309]: checking bus 2, device 28: "/sys/devices/pci0000:00/0000:00:16.0/0000:0a:00.0/usb2/2-3/2-3.1"
Dec 03 10:10:51 kali mtp-probe[1437309]: bus: 2, device: 28 was not an MTP device
Dec 03 10:10:51 kali mtp-probe[1437326]: checking bus 2, device 28: "/sys/devices/pci0000:00/0000:00:16.0/0000:0a:00.0/usb2/2-3/2-3.1"
Dec 03 10:10:51 kali mtp-probe[1437326]: bus: 2, device: 28 was not an MTP device
Dec 06 20:48:38 kali mtp-probe[2425999]: checking bus 2, device 29: "/sys/devices/pci0000:00/0000:00:16.0/0000:0a:00.0/usb2/2-3/2-3.2"
Dec 06 20:48:38 kali mtp-probe[2425999]: bus: 2, device: 29 was not an MTP device
Dec 06 20:48:38 kali mtp-probe[2426019]: checking bus 2, device 29: "/sys/devices/pci0000:00/0000:00:16.0/0000:0a:00.0/usb2/2-3/2-3.2"
Dec 06 20:48:38 kali mtp-probe[2426019]: bus: 2, device: 29 was not an MTP device
Dec 07 09:52:23 kali mtp-probe[2453921]: checking bus 2, device 30: "/sys/devices/pci0000:00/0000:00:16.0/0000:0a:00.0/usb2/2-3/2-3.1"
Dec 07 09:52:23 kali mtp-probe[2453921]: bus: 2, device: 30 was not an MTP device
Dec 07 09:52:23 kali mtp-probe[2453938]: checking bus 2, device 30: "/sys/devices/pci0000:00/0000:00:16.0/0000:0a:00.0/usb2/2-3/2-3.1"
Dec 07 09:52:23 kali mtp-probe[2453938]: bus: 2, device: 30 was not an MTP device
Dec 08 09:48:58 kali mtp-probe[519219]: checking bus 2, device 31: "/sys/devices/pci0000:00/0000:00:16.0/0000:0a:00.0/usb2/2-3/2-3.2"
Dec 08 09:48:58 kali mtp-probe[519219]: bus: 2, device: 31 was not an MTP device
Dec 08 09:48:58 kali mtp-probe[519235]: checking bus 2, device 31: "/sys/devices/pci0000:00/0000:00:16.0/0000:0a:00.0/usb2/2-3/2-3.2"
Dec 08 09:48:58 kali mtp-probe[519235]: bus: 2, device: 31 was not an MTP device
Dec 14 12:48:06 kali mtp-probe[699482]: checking bus 2, device 32: "/sys/devices/pci0000:00/0000:00:16.0/0000:0a:00.0/usb2/2-3/2-3.1"
Dec 14 12:48:06 kali mtp-probe[699482]: bus: 2, device: 32 was not an MTP device
Dec 14 12:48:06 kali mtp-probe[699499]: checking bus 2, device 32: "/sys/devices/pci0000:00/0000:00:16.0/0000:0a:00.0/usb2/2-3/2-3.1"
Dec 14 12:48:06 kali mtp-probe[699499]: bus: 2, device: 32 was not an MTP device
Dec 15 10:36:54 kali mtp-probe[748696]: checking bus 2, device 33: "/sys/devices/pci0000:00/0000:00:16.0/0000:0a:00.0/usb2/2-3/2-3.2"
Dec 15 10:36:54 kali mtp-probe[748696]: bus: 2, device: 33 was not an MTP device
Dec 15 10:36:54 kali mtp-probe[748712]: checking bus 2, device 33: "/sys/devices/pci0000:00/0000:00:16.0/0000:0a:00.0/usb2/2-3/2-3.2"
Dec 15 10:36:54 kali mtp-probe[748712]: bus: 2, device: 33 was not an MTP device
Dec 15 10:50:41 kali mtp-probe[751466]: checking bus 2, device 34: "/sys/devices/pci0000:00/0000:00:16.0/0000:0a:00.0/usb2/2-3/2-3.1"
Dec 15 10:50:41 kali mtp-probe[751466]: bus: 2, device: 34 was not an MTP device
Dec 15 10:50:41 kali mtp-probe[751483]: checking bus 2, device 34: "/sys/devices/pci0000:00/0000:00:16.0/0000:0a:00.0/usb2/2-3/2-3.1"
Dec 15 10:50:41 kali mtp-probe[751483]: bus: 2, device: 34 was not an MTP device
Dec 15 14:24:58 kali mtp-probe[794061]: checking bus 2, device 35: "/sys/devices/pci0000:00/0000:00:16.0/0000:0a:00.0/usb2/2-3/2-3.2"
Dec 15 14:24:58 kali mtp-probe[794061]: bus: 2, device: 35 was not an MTP device
Dec 15 14:24:58 kali mtp-probe[794077]: checking bus 2, device 35: "/sys/devices/pci0000:00/0000:00:16.0/0000:0a:00.0/usb2/2-3/2-3.2"
Dec 15 14:24:58 kali mtp-probe[794077]: bus: 2, device: 35 was not an MTP device
Dec 17 15:58:04 kali mtp-probe[812381]: checking bus 2, device 36: "/sys/devices/pci0000:00/0000:00:16.0/0000:0a:00.0/usb2/2-3/2-3.1"
Dec 17 15:58:04 kali mtp-probe[812381]: bus: 2, device: 36 was not an MTP device
Dec 17 15:58:04 kali mtp-probe[812398]: checking bus 2, device 36: "/sys/devices/pci0000:00/0000:00:16.0/0000:0a:00.0/usb2/2-3/2-3.1"
Dec 17 15:58:04 kali mtp-probe[812398]: bus: 2, device: 36 was not an MTP device
