Oct 19 14:52:42 kali systemd[1113]: Listening on pipewire-pulse.socket - PipeWire PulseAudio.
Oct 19 14:52:42 kali systemd[1113]: Listening on pipewire.socket - PipeWire Multimedia System Sockets.
Oct 19 14:52:42 kali systemd[1113]: Started pipewire.service - PipeWire Multimedia Service.
Oct 19 14:52:42 kali systemd[1113]: Started filter-chain.service - PipeWire filter chain daemon.
Oct 19 14:52:42 kali systemd[1113]: Started pipewire-pulse.service - PipeWire PulseAudio.
Oct 19 14:52:43 kali wireplumber[1141]: s-monitors-libcamera: PipeWire's libcamera SPA plugin is missing or broken. Some camera types may not be supported.
Oct 19 14:52:44 kali pipewire[1137]: spa.v4l2: '/dev/video0' VIDIOC_QUERYCTRL: Broken pipe
Oct 19 14:52:44 kali pipewire[1137]: spa.v4l2: '/dev/video0' VIDIOC_QUERYCTRL: Broken pipe
Oct 19 14:52:50 kali systemd[1228]: Listening on pipewire-pulse.socket - PipeWire PulseAudio.
Oct 19 14:52:50 kali systemd[1228]: Listening on pipewire.socket - PipeWire Multimedia System Sockets.
Oct 19 14:52:50 kali systemd[1228]: Started pipewire.service - PipeWire Multimedia Service.
Oct 19 14:52:50 kali systemd[1228]: Started filter-chain.service - PipeWire filter chain daemon.
Oct 19 14:52:50 kali systemd[1228]: Started pipewire-pulse.service - PipeWire PulseAudio.
Oct 19 14:52:51 kali wireplumber[1256]: s-monitors-libcamera: PipeWire's libcamera SPA plugin is missing or broken. Some camera types may not be supported.
Oct 19 14:52:52 kali pipewire[1251]: spa.v4l2: '/dev/video0' VIDIOC_QUERYCTRL: Broken pipe
Oct 19 14:52:52 kali pipewire[1251]: spa.v4l2: '/dev/video0' VIDIOC_QUERYCTRL: Broken pipe
Oct 19 14:53:00 kali systemd[1113]: Stopping filter-chain.service - PipeWire filter chain daemon...
Oct 19 14:53:00 kali systemd[1113]: Stopping pipewire-pulse.service - PipeWire PulseAudio...
Oct 19 14:53:00 kali systemd[1113]: Stopped filter-chain.service - PipeWire filter chain daemon.
Oct 19 14:53:00 kali systemd[1113]: Stopped pipewire-pulse.service - PipeWire PulseAudio.
Oct 19 14:53:00 kali systemd[1113]: Stopping pipewire.service - PipeWire Multimedia Service...
Oct 19 14:53:00 kali systemd[1113]: Stopped pipewire.service - PipeWire Multimedia Service.
Oct 19 14:53:00 kali systemd[1113]: Closed pipewire-pulse.socket - PipeWire PulseAudio.
Oct 19 14:53:00 kali systemd[1113]: Closed pipewire.socket - PipeWire Multimedia System Sockets.
Oct 19 15:12:01 kali systemd[1228]: Stopping filter-chain.service - PipeWire filter chain daemon...
Oct 19 15:12:01 kali systemd[1228]: Stopping pipewire-pulse.service - PipeWire PulseAudio...
Oct 19 15:12:01 kali systemd[1228]: Stopped filter-chain.service - PipeWire filter chain daemon.
Oct 19 15:12:01 kali systemd[1228]: Stopped pipewire-pulse.service - PipeWire PulseAudio.
Oct 19 15:12:01 kali systemd[1228]: Stopping pipewire.service - PipeWire Multimedia Service...
Oct 19 15:12:01 kali systemd[1228]: Stopped pipewire.service - PipeWire Multimedia Service.
Oct 19 15:12:01 kali systemd[1228]: pipewire.service: Consumed 1min 28.623s CPU time, 6.7M memory peak.
Oct 19 15:12:01 kali systemd[1228]: Closed pipewire-pulse.socket - PipeWire PulseAudio.
Oct 19 15:12:01 kali systemd[1228]: Closed pipewire.socket - PipeWire Multimedia System Sockets.
Oct 20 11:51:35 kali systemd[1211]: Listening on pipewire-pulse.socket - PipeWire PulseAudio.
Oct 20 11:51:35 kali systemd[1211]: Listening on pipewire.socket - PipeWire Multimedia System Sockets.
Oct 20 11:51:35 kali systemd[1211]: Started pipewire.service - PipeWire Multimedia Service.
Oct 20 11:51:35 kali systemd[1211]: Started filter-chain.service - PipeWire filter chain daemon.
Oct 20 11:51:35 kali systemd[1211]: Started pipewire-pulse.service - PipeWire PulseAudio.
Oct 20 11:51:36 kali wireplumber[1239]: s-monitors-libcamera: PipeWire's libcamera SPA plugin is missing or broken. Some camera types may not be supported.
Oct 20 11:51:37 kali pipewire[1234]: spa.v4l2: '/dev/video0' VIDIOC_QUERYCTRL: Broken pipe
Oct 20 11:51:37 kali pipewire[1234]: spa.v4l2: '/dev/video0' VIDIOC_QUERYCTRL: Broken pipe
Oct 20 11:51:44 kali systemd[1319]: Listening on pipewire-pulse.socket - PipeWire PulseAudio.
Oct 20 11:51:44 kali systemd[1319]: Listening on pipewire.socket - PipeWire Multimedia System Sockets.
Oct 20 11:51:44 kali systemd[1319]: Started pipewire.service - PipeWire Multimedia Service.
Oct 20 11:51:44 kali systemd[1319]: Started filter-chain.service - PipeWire filter chain daemon.
Oct 20 11:51:44 kali systemd[1319]: Started pipewire-pulse.service - PipeWire PulseAudio.
Oct 20 11:51:44 kali wireplumber[1348]: s-monitors-libcamera: PipeWire's libcamera SPA plugin is missing or broken. Some camera types may not be supported.
Oct 20 11:51:45 kali pipewire[1343]: spa.v4l2: '/dev/video0' VIDIOC_QUERYCTRL: Broken pipe
Oct 20 11:51:45 kali pipewire[1343]: spa.v4l2: '/dev/video0' VIDIOC_QUERYCTRL: Broken pipe
Oct 20 11:51:54 kali systemd[1211]: Stopping filter-chain.service - PipeWire filter chain daemon...
Oct 20 11:51:54 kali systemd[1211]: Stopping pipewire-pulse.service - PipeWire PulseAudio...
Oct 20 11:51:54 kali systemd[1211]: Stopped pipewire-pulse.service - PipeWire PulseAudio.
Oct 20 11:51:54 kali systemd[1211]: Stopped filter-chain.service - PipeWire filter chain daemon.
Oct 20 11:51:54 kali systemd[1211]: Stopping pipewire.service - PipeWire Multimedia Service...
Oct 20 11:51:54 kali systemd[1211]: Stopped pipewire.service - PipeWire Multimedia Service.
Oct 20 11:51:54 kali systemd[1211]: Closed pipewire-pulse.socket - PipeWire PulseAudio.
Oct 20 11:51:54 kali systemd[1211]: Closed pipewire.socket - PipeWire Multimedia System Sockets.
