Oct 19 14:52:41 kali polkitd[1006]: Started polkitd version 126
Oct 19 14:52:41 kali polkitd[1006]: Loading rules from directory /etc/polkit-1/rules.d
Oct 19 14:52:41 kali polkitd[1006]: Loading rules from directory /run/polkit-1/rules.d
Oct 19 14:52:41 kali polkitd[1006]: Error opening rules directory: Error opening directory “/run/polkit-1/rules.d”: No such file or directory (g-file-error-quark, 4)
Oct 19 14:52:41 kali polkitd[1006]: Loading rules from directory /usr/local/share/polkit-1/rules.d
Oct 19 14:52:41 kali polkitd[1006]: Error opening rules directory: Error opening directory “/usr/local/share/polkit-1/rules.d”: No such file or directory (g-file-error-quark, 4)
Oct 19 14:52:41 kali polkitd[1006]: Loading rules from directory /usr/share/polkit-1/rules.d
Oct 19 14:52:41 kali polkitd[1006]: Finished loading, compiling and executing 7 rules
Oct 19 14:52:41 kali polkitd[1006]: Acquired the name org.freedesktop.PolicyKit1 on the system bus
Oct 19 14:52:51 kali polkitd[1006]: Registered Authentication Agent for unix-session:2 (system bus name :1.42 [/usr/libexec/polkit-mate-authentication-agent-1], object path /org/mate/PolicyKit1/AuthenticationAgent, locale en_IL)
Oct 19 15:12:01 kali polkitd[1006]: Unregistered Authentication Agent for unix-session:2 (system bus name :1.42, object path /org/mate/PolicyKit1/AuthenticationAgent, locale en_IL) (disconnected from bus)
Oct 20 11:51:33 kali polkitd[716]: Started polkitd version 126
Oct 20 11:51:33 kali polkitd[716]: Loading rules from directory /etc/polkit-1/rules.d
Oct 20 11:51:33 kali polkitd[716]: Loading rules from directory /run/polkit-1/rules.d
Oct 20 11:51:33 kali polkitd[716]: Error opening rules directory: Error opening directory “/run/polkit-1/rules.d”: No such file or directory (g-file-error-quark, 4)
Oct 20 11:51:33 kali polkitd[716]: Loading rules from directory /usr/local/share/polkit-1/rules.d
Oct 20 11:51:33 kali polkitd[716]: Error opening rules directory: Error opening directory “/usr/local/share/polkit-1/rules.d”: No such file or directory (g-file-error-quark, 4)
Oct 20 11:51:33 kali polkitd[716]: Loading rules from directory /usr/share/polkit-1/rules.d
Oct 20 11:51:33 kali polkitd[716]: Finished loading, compiling and executing 7 rules
Oct 20 11:51:33 kali polkitd[716]: Acquired the name org.freedesktop.PolicyKit1 on the system bus
Oct 20 11:51:44 kali polkitd[716]: Registered Authentication Agent for unix-session:2 (system bus name :1.45 [/usr/libexec/polkit-mate-authentication-agent-1], object path /org/mate/PolicyKit1/AuthenticationAgent, locale en_IL)
