Oct 19 14:52:41 kali systemd[1]: Starting systemd-logind.service - User Login Management...
Oct 19 14:52:41 kali systemd-logind[1007]: New seat seat0.
Oct 19 14:52:41 kali systemd-logind[1007]: Watching system buttons on /dev/input/event2 (VMware VMware Virtual USB Keyboard)
Oct 19 14:52:41 kali systemd[1]: Started systemd-logind.service - User Login Management.
Oct 19 14:52:42 kali systemd-logind[1007]: New session c1 of user lightdm.
Oct 19 14:52:42 kali systemd-logind[1007]: New session 1 of user lightdm.
Oct 19 14:52:50 kali systemd-logind[1007]: Removed session c1.
Oct 19 14:52:50 kali systemd-logind[1007]: New session 2 of user lanazaben.
Oct 19 14:52:50 kali systemd-logind[1007]: New session 3 of user lanazaben.
Oct 19 14:53:01 kali systemd-logind[1007]: Removed session 1.
Oct 19 15:12:01 kali systemd-logind[1007]: The system will power off now!
Oct 19 15:12:01 kali systemd-logind[1007]: System is powering down.
Oct 19 15:12:01 kali systemd-logind[1007]: Removed session 2.
Oct 19 15:12:01 kali systemd-logind[1007]: Removed session 3.
Oct 19 15:12:02 kali systemd[1]: Stopping systemd-logind.service - User Login Management...
Oct 19 15:12:02 kali systemd[1]: systemd-logind.service: Deactivated successfully.
Oct 19 15:12:02 kali systemd[1]: Stopped systemd-logind.service - User Login Management.
-- Boot 5db5160a5db545aead197b492f537074 --
Oct 20 11:51:33 kali systemd[1]: Starting systemd-logind.service - User Login Management...
Oct 20 11:51:33 kali systemd-logind[718]: New seat seat0.
Oct 20 11:51:33 kali systemd-logind[718]: Watching system buttons on /dev/input/event2 (VMware VMware Virtual USB Keyboard)
Oct 20 11:51:33 kali systemd[1]: Started systemd-logind.service - User Login Management.
Oct 20 11:51:35 kali systemd-logind[718]: New session c1 of user lightdm.
Oct 20 11:51:35 kali systemd-logind[718]: New session 1 of user lightdm.
Oct 20 11:51:43 kali systemd-logind[718]: Removed session c1.
Oct 20 11:51:43 kali systemd-logind[718]: New session 2 of user lanazaben.
Oct 20 11:51:44 kali systemd-logind[718]: New session 3 of user lanazaben.
Oct 20 11:51:54 kali systemd-logind[718]: Removed session 1.
Oct 26 20:01:22 kali systemd-logind[718]: Watching system buttons on /dev/input/event2 (VMware VMware Virtual USB Keyboard)
Oct 27 09:49:20 kali systemd-logind[718]: Watching system buttons on /dev/input/event8 (VMware VMware Virtual USB Keyboard)
Oct 31 21:32:41 kali systemd-logind[718]: Watching system buttons on /dev/input/event2 (VMware VMware Virtual USB Keyboard)
Nov 01 18:25:07 kali systemd-logind[718]: Watching system buttons on /dev/input/event8 (VMware VMware Virtual USB Keyboard)
Nov 02 08:56:16 kali systemd-logind[718]: Watching system buttons on /dev/input/event2 (VMware VMware Virtual USB Keyboard)
Nov 02 15:52:17 kali systemd-logind[718]: Watching system buttons on /dev/input/event8 (VMware VMware Virtual USB Keyboard)
Nov 08 13:25:34 kali systemd-logind[718]: Watching system buttons on /dev/input/event2 (VMware VMware Virtual USB Keyboard)
Nov 09 09:11:04 kali systemd-logind[718]: Watching system buttons on /dev/input/event8 (VMware VMware Virtual USB Keyboard)
Nov 09 12:35:33 kali systemd-logind[718]: Watching system buttons on /dev/input/event2 (VMware VMware Virtual USB Keyboard)
Nov 10 09:04:26 kali systemd-logind[718]: Watching system buttons on /dev/input/event8 (VMware VMware Virtual USB Keyboard)
Nov 10 09:49:34 kali systemd-logind[718]: Watching system buttons on /dev/input/event2 (VMware VMware Virtual USB Keyboard)
Nov 12 10:25:21 kali systemd-logind[718]: Watching system buttons on /dev/input/event8 (VMware VMware Virtual USB Keyboard)
Nov 14 23:32:15 kali systemd-logind[718]: Watching system buttons on /dev/input/event2 (VMware VMware Virtual USB Keyboard)
Nov 16 09:25:34 kali systemd-logind[718]: Watching system buttons on /dev/input/event8 (VMware VMware Virtual USB Keyboard)
Nov 17 09:35:24 kali systemd-logind[718]: Watching system buttons on /dev/input/event2 (VMware VMware Virtual USB Keyboard)
Nov 19 09:46:19 kali systemd-logind[718]: Watching system buttons on /dev/input/event8 (VMware VMware Virtual USB Keyboard)
Nov 22 11:07:03 kali systemd-logind[718]: Watching system buttons on /dev/input/event2 (VMware VMware Virtual USB Keyboard)
Nov 22 20:53:42 kali systemd-logind[718]: Watching system buttons on /dev/input/event8 (VMware VMware Virtual USB Keyboard)
Nov 23 09:41:36 kali systemd-logind[718]: Watching system buttons on /dev/input/event2 (VMware VMware Virtual USB Keyboard)
Nov 29 16:59:26 kali systemd-logind[718]: Watching system buttons on /dev/input/event8 (VMware VMware Virtual USB Keyboard)
Dec 01 09:20:09 kali systemd-logind[718]: Watching system buttons on /dev/input/event2 (VMware VMware Virtual USB Keyboard)
Dec 03 10:10:51 kali systemd-logind[718]: Watching system buttons on /dev/input/event8 (VMware VMware Virtual USB Keyboard)
Dec 06 20:48:38 kali systemd-logind[718]: Watching system buttons on /dev/input/event2 (VMware VMware Virtual USB Keyboard)
Dec 07 09:52:23 kali systemd-logind[718]: Watching system buttons on /dev/input/event8 (VMware VMware Virtual USB Keyboard)
Dec 08 09:48:58 kali systemd-logind[718]: Watching system buttons on /dev/input/event2 (VMware VMware Virtual USB Keyboard)
Dec 14 12:48:06 kali systemd-logind[718]: Watching system buttons on /dev/input/event8 (VMware VMware Virtual USB Keyboard)
Dec 15 10:36:54 kali systemd-logind[718]: Watching system buttons on /dev/input/event2 (VMware VMware Virtual USB Keyboard)
Dec 15 10:50:41 kali systemd-logind[718]: Watching system buttons on /dev/input/event8 (VMware VMware Virtual USB Keyboard)
Dec 15 14:24:58 kali systemd-logind[718]: Watching system buttons on /dev/input/event2 (VMware VMware Virtual USB Keyboard)
Dec 17 15:58:04 kali systemd-logind[718]: Watching system buttons on /dev/input/event8 (VMware VMware Virtual USB Keyboard)
