Oct 19 14:08:30 kali systemd[1]: Starting systemd-tmpfiles-clean.service - Cleanup of Temporary Directories...
Oct 19 14:08:30 kali systemd-tmpfiles[12061]: /usr/lib/tmpfiles.d/legacy.conf:14: Duplicate line for path "/run/lock", ignoring.
Oct 19 14:08:30 kali systemd[1]: systemd-tmpfiles-clean.service: Deactivated successfully.
Oct 19 14:08:30 kali systemd[1]: Finished systemd-tmpfiles-clean.service - Cleanup of Temporary Directories.
-- Boot 5db5160a5db545aead197b492f537074 --
Oct 20 09:06:34 kali systemd[1]: Starting systemd-tmpfiles-clean.service - Cleanup of Temporary Directories...
Oct 20 09:06:34 kali systemd-tmpfiles[9553]: /usr/lib/tmpfiles.d/legacy.conf:14: Duplicate line for path "/run/lock", ignoring.
Oct 20 09:06:34 kali systemd[1]: systemd-tmpfiles-clean.service: Deactivated successfully.
Oct 20 09:06:34 kali systemd[1]: Finished systemd-tmpfiles-clean.service - Cleanup of Temporary Directories.
Nov 16 14:24:27 kali systemd[1]: Starting systemd-tmpfiles-clean.service - Cleanup of Temporary Directories...
Nov 16 14:24:27 kali systemd-tmpfiles[798082]: /usr/lib/tmpfiles.d/legacy.conf:14: Duplicate line for path "/run/lock", ignoring.
Nov 16 14:24:27 kali systemd[1]: systemd-tmpfiles-clean.service: Deactivated successfully.
Nov 16 14:24:27 kali systemd[1]: Finished systemd-tmpfiles-clean.service - Cleanup of Temporary Directories.
Nov 29 22:27:33 kali systemd[1]: Starting systemd-tmpfiles-clean.service - Cleanup of Temporary Directories...
Nov 29 22:27:33 kali systemd-tmpfiles[1971513]: /usr/lib/tmpfiles.d/legacy.conf:14: Duplicate line for path "/run/lock", ignoring.
Nov 29 22:27:33 kali systemd[1]: systemd-tmpfiles-clean.service: Deactivated successfully.
Nov 29 22:27:33 kali systemd[1]: Finished systemd-tmpfiles-clean.service - Cleanup of Temporary Directories.
Dec 07 10:22:30 kali systemd[1]: Starting systemd-tmpfiles-clean.service - Cleanup of Temporary Directories...
Dec 07 10:22:30 kali systemd-tmpfiles[2482351]: /usr/lib/tmpfiles.d/legacy.conf:14: Duplicate line for path "/run/lock", ignoring.
Dec 07 10:22:30 kali systemd[1]: systemd-tmpfiles-clean.service: Deactivated successfully.
Dec 07 10:22:30 kali systemd[1]: Finished systemd-tmpfiles-clean.service - Cleanup of Temporary Directories.
