Oct 19 14:52:42 kali systemd[1113]: Started wireplumber.service - Multimedia Service Session Manager.
Oct 19 14:52:43 kali wireplumber[1141]: default: Failed to get percentage from UPower: org.freedesktop.DBus.Error.NameHasNoOwner
Oct 19 14:52:43 kali wireplumber[1141]: spa.bluez5: BlueZ system service is not available
Oct 19 14:52:43 kali wireplumber[1141]: wp-device: SPA handle 'api.libcamera.enum.manager' could not be loaded; is it installed?
Oct 19 14:52:43 kali wireplumber[1141]: s-monitors-libcamera: PipeWire's libcamera SPA plugin is missing or broken. Some camera types may not be supported.
Oct 19 14:52:50 kali systemd[1228]: Started wireplumber.service - Multimedia Service Session Manager.
Oct 19 14:52:51 kali wireplumber[1256]: default: Failed to get percentage from UPower: org.freedesktop.DBus.Error.NameHasNoOwner
Oct 19 14:52:51 kali wireplumber[1256]: spa.bluez5: BlueZ system service is not available
Oct 19 14:52:51 kali wireplumber[1256]: wp-device: SPA handle 'api.libcamera.enum.manager' could not be loaded; is it installed?
Oct 19 14:52:51 kali wireplumber[1256]: s-monitors-libcamera: PipeWire's libcamera SPA plugin is missing or broken. Some camera types may not be supported.
Oct 19 14:53:00 kali systemd[1113]: Stopping wireplumber.service - Multimedia Service Session Manager...
Oct 19 14:53:00 kali systemd[1113]: Stopped wireplumber.service - Multimedia Service Session Manager.
Oct 19 15:12:01 kali systemd[1228]: Stopping wireplumber.service - Multimedia Service Session Manager...
Oct 19 15:12:01 kali wireplumber[1256]: pw.core: 0xaaaafba4f310: leaked proxy 0xaaaafba96310 id:3
Oct 19 15:12:01 kali wireplumber[1256]: pw.core: 0xaaaafba4f310: leaked proxy 0xaaaafbc45230 id:8
Oct 19 15:12:01 kali wireplumber[1256]: pw.core: 0xaaaafba4f310: leaked proxy 0xaaaafba4fe60 id:9
Oct 19 15:12:01 kali systemd[1228]: Stopped wireplumber.service - Multimedia Service Session Manager.
Oct 20 11:51:35 kali systemd[1211]: Started wireplumber.service - Multimedia Service Session Manager.
Oct 20 11:51:36 kali wireplumber[1239]: default: Failed to get percentage from UPower: org.freedesktop.DBus.Error.NameHasNoOwner
Oct 20 11:51:36 kali wireplumber[1239]: spa.bluez5: BlueZ system service is not available
Oct 20 11:51:36 kali wireplumber[1239]: wp-device: SPA handle 'api.libcamera.enum.manager' could not be loaded; is it installed?
Oct 20 11:51:36 kali wireplumber[1239]: s-monitors-libcamera: PipeWire's libcamera SPA plugin is missing or broken. Some camera types may not be supported.
Oct 20 11:51:44 kali systemd[1319]: Started wireplumber.service - Multimedia Service Session Manager.
Oct 20 11:51:44 kali wireplumber[1348]: default: Failed to get percentage from UPower: org.freedesktop.DBus.Error.NameHasNoOwner
Oct 20 11:51:44 kali wireplumber[1348]: spa.bluez5: BlueZ system service is not available
Oct 20 11:51:44 kali wireplumber[1348]: wp-device: SPA handle 'api.libcamera.enum.manager' could not be loaded; is it installed?
Oct 20 11:51:44 kali wireplumber[1348]: s-monitors-libcamera: PipeWire's libcamera SPA plugin is missing or broken. Some camera types may not be supported.
Oct 20 11:51:54 kali systemd[1211]: Stopping wireplumber.service - Multimedia Service Session Manager...
Oct 20 11:51:54 kali systemd[1211]: Stopped wireplumber.service - Multimedia Service Session Manager.
